2023-03-24 13:09:11,072 INFO org.hibernate.validator.internal.util.Version [background-preinit] HV000001: Hibernate Validator 6.2.5.Final
2023-03-24 13:09:11,122 INFO org.springframework.boot.StartupInfoLogger [main] Starting BootcampApplication using Java 11.0.15 on DESKTOP-464VQAU with PID 14848 (C:\Users\pc\Documents\proyecto-integrador-besysoft\target\classes started by pc in C:\Users\pc\Documents\proyecto-integrador-besysoft)
2023-03-24 13:09:11,130 INFO org.springframework.boot.SpringApplication [main] No active profile set, falling back to 1 default profile: "default"
2023-03-24 13:09:16,708 INFO org.springframework.data.repository.config.RepositoryConfigurationDelegate [main] Bootstrapping Spring Data JPA repositories in DEFAULT mode.
2023-03-24 13:09:17,362 INFO org.springframework.data.repository.config.RepositoryConfigurationDelegate [main] Finished Spring Data repository scanning in 541 ms. Found 8 JPA repository interfaces.
2023-03-24 13:09:21,565 INFO org.springframework.boot.web.embedded.tomcat.TomcatWebServer [main] Tomcat initialized with port(s): 8080 (http)
2023-03-24 13:09:21,623 INFO org.apache.juli.logging.DirectJDKLog [main] Initializing ProtocolHandler ["http-nio-8080"]
2023-03-24 13:09:21,627 INFO org.apache.juli.logging.DirectJDKLog [main] Starting service [Tomcat]
2023-03-24 13:09:21,629 INFO org.apache.juli.logging.DirectJDKLog [main] Starting Servlet engine: [Apache Tomcat/9.0.71]
2023-03-24 13:09:22,410 INFO org.apache.juli.logging.DirectJDKLog [main] Initializing Spring embedded WebApplicationContext
2023-03-24 13:09:22,411 INFO org.springframework.boot.web.servlet.context.ServletWebServerApplicationContext [main] Root WebApplicationContext: initialization completed in 11021 ms
2023-03-24 13:09:22,926 INFO com.zaxxer.hikari.HikariDataSource [main] HikariPool-1 - Starting...
2023-03-24 13:09:23,969 INFO com.zaxxer.hikari.HikariDataSource [main] HikariPool-1 - Start completed.
2023-03-24 13:09:27,136 INFO org.hibernate.jpa.internal.util.LogHelper [main] HHH000204: Processing PersistenceUnitInfo [name: default]
2023-03-24 13:09:27,418 INFO org.hibernate.Version [main] HHH000412: Hibernate ORM core version 5.6.15.Final
2023-03-24 13:09:28,299 INFO org.hibernate.annotations.common.reflection.java.JavaReflectionManager [main] HCANN000001: Hibernate Commons Annotations {5.1.2.Final}
2023-03-24 13:09:28,891 INFO org.hibernate.dialect.Dialect [main] HHH000400: Using dialect: org.hibernate.dialect.MySQL8Dialect
2023-03-24 13:09:32,711 INFO org.hibernate.engine.transaction.jta.platform.internal.JtaPlatformInitiator [main] HHH000490: Using JtaPlatform implementation: [org.hibernate.engine.transaction.jta.platform.internal.NoJtaPlatform]
2023-03-24 13:09:32,759 INFO org.springframework.orm.jpa.AbstractEntityManagerFactoryBean [main] Initialized JPA EntityManagerFactory for persistence unit 'default'
2023-03-24 13:09:37,023 WARN org.springframework.boot.autoconfigure.orm.jpa.JpaBaseConfiguration$JpaWebConfiguration [main] spring.jpa.open-in-view is enabled by default. Therefore, database queries may be performed during view rendering. Explicitly configure spring.jpa.open-in-view to disable this warning
2023-03-24 13:09:38,836 INFO org.apache.juli.logging.DirectJDKLog [main] Starting ProtocolHandler ["http-nio-8080"]
2023-03-24 13:09:38,919 INFO org.springframework.boot.web.embedded.tomcat.TomcatWebServer [main] Tomcat started on port(s): 8080 (http) with context path '/api/v1/besysoft/taller-mecanico'
2023-03-24 13:09:40,660 INFO org.springframework.boot.StartupInfoLogger [main] Started BootcampApplication in 31.504 seconds (JVM running for 34.667)
